C51 COMPILER V9.02   COMMON                                                                03/08/2015 22:57:54 PAGE 1   


C51 COMPILER V9.02, COMPILATION OF MODULE COMMON
OBJECT MODULE PLACED IN common.OBJ
COMPILER INVOKED BY: C:\Keil\C51\BIN\C51.EXE common.c BROWSE DEBUG OBJECTEXTEND

line level    source

   1          /////////////////////////////////
   2          // created at 2015.3.6 by Yang
   3          ////////////////////////////////
   4          #include<reg51.h>
   5          #include<intrins.h>
   6          #include "common.h"
   7          
   8          #define GPIO_KEY P1
   9          #define COMMONPORTS P0
  10          
  11          sbit SRCLK=P3^6;
  12          sbit RCLK=P3^5;
  13          sbit SER=P3^4;
  14          
  15          unsigned char code TAB[8]  = {0x7f,0xbf,0xdf,0xef,0xf7,0xfb,0xfd,0xfe};
  16          
  17          void delay(unsigned int time)
  18          {
  19   1        unsigned int i,j;
  20   1        for(i=0;i<time;i++)
  21   1          for(j=0;j<121;j++);
  22   1      }
  23          
  24          void Hc595SendByte(unsigned char dat)
  25          {
  26   1              unsigned char a;
  27   1              SRCLK=0;
  28   1              RCLK=0;
  29   1              for(a=0;a<8;a++)
  30   1              {
  31   2                      SER=dat>>7;
  32   2                      dat<<=1;
  33   2      
  34   2                      SRCLK=1;
  35   2                      _nop_();
  36   2                      _nop_();
  37   2                      SRCLK=0;        
  38   2              }
  39   1      
  40   1              RCLK=1;
  41   1              _nop_();
  42   1              _nop_();
  43   1              RCLK=0;
  44   1      }
  45          
  46          void light(const unsigned char *body,unsigned char x,unsigned char y)
  47          {       
  48   1              unsigned char tab,j;
  49   1              for(j=0;j<20;j++)
  50   1              {       
  51   2                      for(tab=0;tab<8;tab++)
  52   2                      {       
  53   3                              Hc595SendByte(0x00);                                                                                                                                            
  54   3                              COMMONPORTS     = TAB[tab];                              
  55   3                              Hc595SendByte(body[tab]);       
C51 COMPILER V9.02   COMMON                                                                03/08/2015 22:57:54 PAGE 2   

  56   3                              delay(2);               
  57   3                      }
  58   2                      Hc595SendByte(0x00);                                                                                                                                            
  59   2                      COMMONPORTS     = TAB[y];                                
  60   2                      Hc595SendByte(1 << x);  
  61   2                      delay(2);
  62   2              }
  63   1      }
  64          
  65          b_value button()
  66          {
  67   1              unsigned char KeyValue = 6;
  68   1              b_value re = none;      
  69   1              char a=0;
  70   1              GPIO_KEY=0x0f;
  71   1              if(GPIO_KEY!=0x0f)
  72   1              {
  73   2                      delay(38);
  74   2                      if(GPIO_KEY!=0x0f)
  75   2                      {
  76   3                              
  77   3                              //²âÊÔÁÐ
  78   3                              GPIO_KEY=0X0F;
  79   3                              switch(GPIO_KEY)
  80   3                              {
  81   4                                      case(0X07):     KeyValue=0;break;
  82   4                                      case(0X0b):     KeyValue=1;break;
  83   4                                      case(0X0d): KeyValue=2;break;
  84   4                                      case(0X0e):     KeyValue=3;break;
  85   4                              }
  86   3                              //²âÊÔÐÐ
  87   3                              GPIO_KEY=0XF0;
  88   3                              switch(GPIO_KEY)
  89   3                              {
  90   4                                      case(0X70):     KeyValue=KeyValue;break;
  91   4                                      case(0Xb0):     KeyValue=KeyValue+4;break;
  92   4                                      case(0Xd0): KeyValue=KeyValue+8;break;
  93   4                                      case(0Xe0):     KeyValue=KeyValue+12;break;
  94   4                              }
  95   3                              while((a<50)&&(GPIO_KEY!=0xf0))  
  96   3                              {
  97   4                                      delay(38);
  98   4                                      a++;
  99   4                              }
 100   3                      }
 101   2              }
 102   1              switch(KeyValue)
 103   1              {
 104   2                      case 0:re = up;break;
 105   2                      case 1:re = down;break;
 106   2                      case 2:re = right;break;
 107   2                      case 3:re = left;break;
 108   2                      case 4:re = ok;break;
 109   2                      case 5:re = cancel;break;
 110   2                      default:re = none;
 111   2              }
 112   1              return re;
 113   1      }


MODULE INFORMATION:   STATIC OVERLAYABLE
   CODE SIZE        =    364    ----
C51 COMPILER V9.02   COMMON                                                                03/08/2015 22:57:54 PAGE 3   

   CONSTANT SIZE    =      8    ----
   XDATA SIZE       =   ----    ----
   PDATA SIZE       =   ----    ----
   DATA SIZE        =   ----      10
   IDATA SIZE       =   ----    ----
   BIT SIZE         =   ----    ----
END OF MODULE INFORMATION.


C51 COMPILATION COMPLETE.  0 WARNING(S),  0 ERROR(S)
